# JRE version: Java(TM) SE Runtime Environment (7.0_72-b14) (build 1.7.0_72-b14)
# Java VM: Java HotSpot(TM) 64-Bit Server VM (24.72-b04 mixed mode linux-amd64 compressed oops)
Heap
 PSYoungGen      total 259584K, used 33986K [0x00000007acc80000, 0x00000007bed80000, 0x0000000800000000)
  eden space 250880K, 10% used [0x00000007acc80000,0x00000007ae5389d0,0x00000007bc180000)
  from space 8704K, 99% used [0x00000007bd300000,0x00000007bdb78210,0x00000007bdb80000)
  to   space 17920K, 0% used [0x00000007bc180000,0x00000007bc180000,0x00000007bd300000)
 ParOldGen       total 169984K, used 13699K [0x0000000706600000, 0x0000000710c00000, 0x00000007acc80000)
  object space 169984K, 8% used [0x0000000706600000,0x0000000707360e88,0x0000000710c00000)
 PSPermGen       total 22528K, used 22441K [0x0000000701400000, 0x0000000702a00000, 0x0000000706600000)
  object space 22528K, 99% used [0x0000000701400000,0x00000007029ea480,0x0000000702a00000)
GC Heap History (10 events):
Event: 3.989 GC heap before
{Heap before GC invocations=2 (full 0):
 PSYoungGen      total 75264K, used 73868K [0x00000007acc80000, 0x00000007b2000000, 0x0000000800000000)
  eden space 65024K, 100% used [0x00000007acc80000,0x00000007b0c00000,0x00000007b0c00000)
  from space 10240K, 86% used [0x00000007b0c00000,0x00000007b14a33e8,0x00000007b1600000)
  to   space 10240K, 0% used [0x00000007b1600000,0x00000007b1600000,0x00000007b2000000)
 ParOldGen       total 169984K, used 8K [0x0000000706600000, 0x0000000710c00000, 0x00000007acc80000)
  object space 169984K, 0% used [0x0000000706600000,0x0000000706602000,0x0000000710c00000)
 PSPermGen       total 21504K, used 15286K [0x0000000701400000, 0x0000000702900000, 0x0000000706600000)
  object space 21504K, 71% used [0x0000000701400000,0x00000007022edad8,0x0000000702900000)
Event: 3.994 GC heap after
Heap after GC invocations=2 (full 0):
 PSYoungGen      total 75264K, used 4048K [0x00000007acc80000, 0x00000007b5f80000, 0x0000000800000000)
  eden space 65024K, 0% used [0x00000007acc80000,0x00000007acc80000,0x00000007b0c00000)
  from space 10240K, 39% used [0x00000007b1600000,0x00000007b19f4030,0x00000007b2000000)
  to   space 10240K, 0% used [0x00000007b0c00000,0x00000007b0c00000,0x00000007b1600000)
 ParOldGen       total 169984K, used 80K [0x0000000706600000, 0x0000000710c00000, 0x00000007acc80000)
  object space 169984K, 0% used [0x0000000706600000,0x0000000706614010,0x0000000710c00000)
 PSPermGen       total 21504K, used 15286K [0x0000000701400000, 0x0000000702900000, 0x0000000706600000)
  object space 21504K, 71% used [0x0000000701400000,0x00000007022edad8,0x0000000702900000)
}
Event: 4.107 GC heap before
{Heap before GC invocations=3 (full 0):
 PSYoungGen      total 75264K, used 69072K [0x00000007acc80000, 0x00000007b5f80000, 0x0000000800000000)
  eden space 65024K, 100% used [0x00000007acc80000,0x00000007b0c00000,0x00000007b0c00000)
  from space 10240K, 39% used [0x00000007b1600000,0x00000007b19f4030,0x00000007b2000000)
  to   space 10240K, 0% used [0x00000007b0c00000,0x00000007b0c00000,0x00000007b1600000)
 ParOldGen       total 169984K, used 80K [0x0000000706600000, 0x0000000710c00000, 0x00000007acc80000)
  object space 169984K, 0% used [0x0000000706600000,0x0000000706614010,0x0000000710c00000)
 PSPermGen       total 21504K, used 15301K [0x0000000701400000, 0x0000000702900000, 0x0000000706600000)
  object space 21504K, 71% used [0x0000000701400000,0x00000007022f1508,0x0000000702900000)
Event: 4.113 GC heap after
Heap after GC invocations=3 (full 0):
 PSYoungGen      total 75264K, used 4016K [0x00000007acc80000, 0x00000007b5f80000, 0x0000000800000000)
  eden space 65024K, 0% used [0x00000007acc80000,0x00000007acc80000,0x00000007b0c00000)
  from space 10240K, 39% used [0x00000007b0c00000,0x00000007b0fec030,0x00000007b1600000)
  to   space 10240K, 0% used [0x00000007b5580000,0x00000007b5580000,0x00000007b5f80000)
 ParOldGen       total 169984K, used 88K [0x0000000706600000, 0x0000000710c00000, 0x00000007acc80000)
  object space 169984K, 0% used [0x0000000706600000,0x0000000706616010,0x0000000710c00000)
 PSPermGen       total 21504K, used 15301K [0x0000000701400000, 0x0000000702900000, 0x0000000706600000)
  object space 21504K, 71% used [0x0000000701400000,0x00000007022f1508,0x0000000702900000)
}
Event: 4.178 GC heap before
{Heap before GC invocations=4 (full 0):
 PSYoungGen      total 75264K, used 69040K [0x00000007acc80000, 0x00000007b5f80000, 0x0000000800000000)
  eden space 65024K, 100% used [0x00000007acc80000,0x00000007b0c00000,0x00000007b0c00000)
  from space 10240K, 39% used [0x00000007b0c00000,0x00000007b0fec030,0x00000007b1600000)
  to   space 10240K, 0% used [0x00000007b5580000,0x00000007b5580000,0x00000007b5f80000)
 ParOldGen       total 169984K, used 88K [0x0000000706600000, 0x0000000710c00000, 0x00000007acc80000)
  object space 169984K, 0% used [0x0000000706600000,0x0000000706616010,0x0000000710c00000)
 PSPermGen       total 21504K, used 15303K [0x0000000701400000, 0x0000000702900000, 0x0000000706600000)
  object space 21504K, 71% used [0x0000000701400000,0x00000007022f1f00,0x0000000702900000)
Event: 4.183 GC heap after
Heap after GC invocations=4 (full 0):
 PSYoungGen      total 140288K, used 4192K [0x00000007acc80000, 0x00000007b5f80000, 0x0000000800000000)
  eden space 130048K, 0% used [0x00000007acc80000,0x00000007acc80000,0x00000007b4b80000)
  from space 10240K, 40% used [0x00000007b5580000,0x00000007b5998020,0x00000007b5f80000)
  to   space 10240K, 0% used [0x00000007b4b80000,0x00000007b4b80000,0x00000007b5580000)
 ParOldGen       total 169984K, used 96K [0x0000000706600000, 0x0000000710c00000, 0x00000007acc80000)
  object space 169984K, 0% used [0x0000000706600000,0x0000000706618010,0x0000000710c00000)
 PSPermGen       total 21504K, used 15303K [0x0000000701400000, 0x0000000702900000, 0x0000000706600000)
  object space 21504K, 71% used [0x0000000701400000,0x00000007022f1f00,0x0000000702900000)
}
Event: 4.374 GC heap before
{Heap before GC invocations=5 (full 0):
 PSYoungGen      total 140288K, used 134240K [0x00000007acc80000, 0x00000007b5f80000, 0x0000000800000000)
  eden space 130048K, 100% used [0x00000007acc80000,0x00000007b4b80000,0x00000007b4b80000)
  from space 10240K, 40% used [0x00000007b5580000,0x00000007b5998020,0x00000007b5f80000)
  to   space 10240K, 0% used [0x00000007b4b80000,0x00000007b4b80000,0x00000007b5580000)
 ParOldGen       total 169984K, used 96K [0x0000000706600000, 0x0000000710c00000, 0x00000007acc80000)
  object space 169984K, 0% used [0x0000000706600000,0x0000000706618010,0x0000000710c00000)
 PSPermGen       total 21504K, used 16529K [0x0000000701400000, 0x0000000702900000, 0x0000000706600000)
  object space 21504K, 76% used [0x0000000701400000,0x0000000702424500,0x0000000702900000)
Event: 4.383 GC heap after
Heap after GC invocations=5 (full 0):
 PSYoungGen      total 140288K, used 5507K [0x00000007acc80000, 0x00000007bdb80000, 0x0000000800000000)
  eden space 130048K, 0% used [0x00000007acc80000,0x00000007acc80000,0x00000007b4b80000)
  from space 10240K, 53% used [0x00000007b4b80000,0x00000007b50e0f28,0x00000007b5580000)
  to   space 8704K, 0% used [0x00000007bd300000,0x00000007bd300000,0x00000007bdb80000)
 ParOldGen       total 169984K, used 104K [0x0000000706600000, 0x0000000710c00000, 0x00000007acc80000)
  object space 169984K, 0% used [0x0000000706600000,0x000000070661a010,0x0000000710c00000)
 PSPermGen       total 21504K, used 16529K [0x0000000701400000, 0x0000000702900000, 0x0000000706600000)
  object space 21504K, 76% used [0x0000000701400000,0x0000000702424500,0x0000000702900000)
}
Event: 5.838 GC heap before
{Heap before GC invocations=6 (full 0):
 PSYoungGen      total 140288K, used 135555K [0x00000007acc80000, 0x00000007bdb80000, 0x0000000800000000)
  eden space 130048K, 100% used [0x00000007acc80000,0x00000007b4b80000,0x00000007b4b80000)
  from space 10240K, 53% used [0x00000007b4b80000,0x00000007b50e0f28,0x00000007b5580000)
  to   space 8704K, 0% used [0x00000007bd300000,0x00000007bd300000,0x00000007bdb80000)
 ParOldGen       total 169984K, used 104K [0x0000000706600000, 0x0000000710c00000, 0x00000007acc80000)
  object space 169984K, 0% used [0x0000000706600000,0x000000070661a010,0x0000000710c00000)
 PSPermGen       total 22016K, used 21632K [0x0000000701400000, 0x0000000702980000, 0x0000000706600000)
  object space 22016K, 98% used [0x0000000701400000,0x00000007029200f8,0x0000000702980000)
Event: 5.848 GC heap after
Heap after GC invocations=6 (full 0):
 PSYoungGen      total 259584K, used 8672K [0x00000007acc80000, 0x00000007bed80000, 0x0000000800000000)
  eden space 250880K, 0% used [0x00000007acc80000,0x00000007acc80000,0x00000007bc180000)
  from space 8704K, 99% used [0x00000007bd300000,0x00000007bdb78210,0x00000007bdb80000)
  to   space 17920K, 0% used [0x00000007bc180000,0x00000007bc180000,0x00000007bd300000)
 ParOldGen       total 169984K, used 13699K [0x0000000706600000, 0x0000000710c00000, 0x00000007acc80000)
  object space 169984K, 8% used [0x0000000706600000,0x0000000707360e88,0x0000000710c00000)
 PSPermGen       total 22016K, used 21632K [0x0000000701400000, 0x0000000702980000, 0x0000000706600000)
  object space 22016K, 98% used [0x0000000701400000,0x00000007029200f8,0x0000000702980000)
}

